keyword int
identifier printf
operator (
operator )
operator ,
identifier scanf
operator (
operator )
operator ;
keyword int
identifier fib
operator (
keyword int
identifier n
operator )
operator {
keyword if
operator (
identifier n
operator ==
integer 0
operator ||
identifier n
operator ==
integer 1
operator )
keyword return
integer 1
operator ;
keyword return
identifier fib
operator (
identifier n
operator -
integer 1
operator )
operator +
identifier fib
operator (
identifier n
operator -
integer 2
operator )
operator ;
operator }
keyword int
identifier main
operator (
keyword void
operator )
operator {
keyword int
identifier n
operator ;
identifier scanf
operator (
string "%d"
operator ,
operator &
identifier n
operator )
operator ;
identifier printf
operator (
string "%d\n"
operator ,
identifier fib
operator (
identifier n
operator )
operator )
operator ;
operator }
