keyword int
operator *
identifier malloc
operator (
keyword unsigned
keyword long
identifier n
operator )
operator ;
keyword int
identifier main
operator (
keyword void
operator )
operator {
keyword int
identifier n
operator ;
keyword int
operator *
identifier p
operator ;
identifier n
operator =
integer 10
operator ;
identifier p
operator =
identifier malloc
operator (
keyword sizeof
operator (
keyword int
operator )
operator *
identifier n
operator )
operator ;
keyword while
operator (
operator --
identifier n
operator )
operator *
identifier p
operator ++
operator =
integer 0
operator ;
operator }
