keyword int
identifier printf
operator (
operator )
operator ;
keyword int
identifier main
operator (
keyword void
operator )
operator {
keyword int
identifier i
operator ,
identifier n
operator ,
identifier sum
operator ;
identifier i
operator =
integer 0
operator ;
identifier sum
operator =
integer 0
operator ;
identifier n
operator =
integer 10
operator ;
keyword for
operator (
identifier i
operator =
integer 1
operator ;
identifier i
operator <=
identifier n
operator ;
identifier i
operator =
identifier i
operator +
integer 1
operator )
identifier sum
operator =
identifier sum
operator +
identifier i
operator ;
identifier printf
operator (
string "%d %d\n"
operator ,
identifier sum
operator ,
identifier n
operator *
operator (
identifier n
operator +
integer 1
operator )
operator /
integer 2
operator )
operator ;
operator }
